

Started GET "/users/sign_up" for ::1 at 2015-10-14 17:09:46 +0200
  [1m[36mActiveRecord::SchemaMigration Load (0.2ms)[0m  [1mSELECT "schema_migrations".* FROM "schema_migrations"[0m
Processing by Devise::RegistrationsController#new as HTML
  Rendered devise/shared/_links.html.erb (3.7ms)
  Rendered devise/registrations/new.html.erb within layouts/application (37.4ms)
Completed 200 OK in 284ms (Views: 256.5ms | ActiveRecord: 0.5ms)


Started POST "/users" for ::1 at 2015-10-14 17:09:48 +0200
Processing by Devise::RegistrationsController#create as HTML
  Parameters: {"utf8"=>"✓", "authenticity_token"=>"7PpGOpfQ3RcKYPK0hk2g0TF66Ummh/ZdTzCoEI/FZtr4Gk2LUKH8vftLSgyYwN04pUykBINRHlsm3j51OwfbSw==", "user"=>{"email"=>"", "password"=>"[FILTERED]", "password_confirmation"=>"[FILTERED]"}, "commit"=>"Sign up"}
  [1m[35m (0.1ms)[0m  begin transaction
  [1m[36m (0.1ms)[0m  [1mrollback transaction[0m
  Rendered devise/shared/_links.html.erb (1.9ms)
  Rendered devise/registrations/new.html.erb within layouts/application (9.3ms)
Completed 200 OK in 96ms (Views: 46.5ms | ActiveRecord: 0.2ms)


Started GET "/assets/welcome.self.css?body=1" for ::1 at 2015-10-14 17:09:48 +0200


Started GET "/assets/users.self.css?body=1" for ::1 at 2015-10-14 17:09:48 +0200


Started GET "/assets/application.self.css?body=1" for ::1 at 2015-10-14 17:09:48 +0200


Started GET "/assets/jquery.self.js?body=1" for ::1 at 2015-10-14 17:09:48 +0200


Started GET "/assets/jquery_ujs.self.js?body=1" for ::1 at 2015-10-14 17:09:48 +0200


Started GET "/assets/users.self.js?body=1" for ::1 at 2015-10-14 17:09:48 +0200


Started GET "/assets/turbolinks.self.js?body=1" for ::1 at 2015-10-14 17:09:48 +0200


Started GET "/assets/welcome.self.js?body=1" for ::1 at 2015-10-14 17:09:48 +0200


Started GET "/assets/application.self.js?body=1" for ::1 at 2015-10-14 17:09:48 +0200


Started GET "/users/sign_in" for ::1 at 2015-10-14 17:09:52 +0200
Processing by Devise::SessionsController#new as HTML
  Rendered devise/shared/_links.html.erb (11.6ms)
  Rendered devise/sessions/new.html.erb within layouts/application (23.2ms)
Completed 200 OK in 69ms (Views: 67.6ms | ActiveRecord: 0.0ms)


Started GET "/assets/users.self.css?body=1" for ::1 at 2015-10-14 17:09:52 +0200


Started GET "/assets/welcome.self.css?body=1" for ::1 at 2015-10-14 17:09:52 +0200


Started GET "/assets/jquery.self.js?body=1" for ::1 at 2015-10-14 17:09:52 +0200


Started GET "/assets/turbolinks.self.js?body=1" for ::1 at 2015-10-14 17:09:52 +0200


Started GET "/assets/application.self.css?body=1" for ::1 at 2015-10-14 17:09:52 +0200


Started GET "/assets/users.self.js?body=1" for ::1 at 2015-10-14 17:09:52 +0200


Started GET "/assets/jquery_ujs.self.js?body=1" for ::1 at 2015-10-14 17:09:52 +0200


Started GET "/assets/welcome.self.js?body=1" for ::1 at 2015-10-14 17:09:52 +0200


Started GET "/assets/application.self.js?body=1" for ::1 at 2015-10-14 17:09:52 +0200


Started POST "/users/sign_in" for ::1 at 2015-10-14 17:09:58 +0200
Processing by Devise::SessionsController#create as HTML
  Parameters: {"utf8"=>"✓", "authenticity_token"=>"eYk8oa41LHOmVGxE5IbAELOqJBPtiFcAHazpqA7BIQFtaTcQaUQN2Vd/1Pz6C735J5xpXshevwZ0Qn/NugOckA==", "user"=>{"email"=>"danielld@poczta.fm", "password"=>"[FILTERED]", "remember_me"=>"0"}, "commit"=>"Log in"}
  [1m[35mUser Load (0.3ms)[0m  SELECT  "users".* FROM "users" WHERE "users"."email" = ?  ORDER BY "users"."id" ASC LIMIT 1  [["email", "danielld@poczta.fm"]]
  [1m[36m (0.1ms)[0m  [1mbegin transaction[0m
  [1m[35mSQL (0.4ms)[0m  UPDATE "users" SET "last_sign_in_at" = ?, "current_sign_in_at" = ?, "sign_in_count" = ?, "updated_at" = ? WHERE "users"."id" = ?  [["last_sign_in_at", "2015-10-13 15:43:11.988301"], ["current_sign_in_at", "2015-10-14 15:09:58.757710"], ["sign_in_count", 5], ["updated_at", "2015-10-14 15:09:58.760465"], ["id", 6]]
  [1m[36m (2.1ms)[0m  [1mcommit transaction[0m
Redirected to http://localhost:3000/users
Completed 302 Found in 164ms (ActiveRecord: 2.9ms)


Started GET "/users" for ::1 at 2015-10-14 17:09:58 +0200
Processing by UsersController#index as HTML
  [1m[35mUser Load (0.5ms)[0m  SELECT  "users".* FROM "users" WHERE "users"."id" = ?  ORDER BY "users"."id" ASC LIMIT 1  [["id", 6]]
  Rendered users/index.html.erb within layouts/application (0.4ms)
Completed 200 OK in 48ms (Views: 45.5ms | ActiveRecord: 0.5ms)


Started GET "/assets/users.self.css?body=1" for ::1 at 2015-10-14 17:09:58 +0200


Started GET "/assets/welcome.self.css?body=1" for ::1 at 2015-10-14 17:09:58 +0200


Started GET "/assets/jquery_ujs.self.js?body=1" for ::1 at 2015-10-14 17:09:58 +0200


Started GET "/assets/jquery.self.js?body=1" for ::1 at 2015-10-14 17:09:58 +0200


Started GET "/assets/application.self.css?body=1" for ::1 at 2015-10-14 17:09:58 +0200


Started GET "/assets/turbolinks.self.js?body=1" for ::1 at 2015-10-14 17:09:58 +0200


Started GET "/assets/users.self.js?body=1" for ::1 at 2015-10-14 17:09:58 +0200


Started GET "/assets/welcome.self.js?body=1" for ::1 at 2015-10-14 17:09:58 +0200


Started GET "/assets/application.self.js?body=1" for ::1 at 2015-10-14 17:09:58 +0200


Started DELETE "/users/sign_out" for ::1 at 2015-10-14 17:10:01 +0200
Processing by Devise::SessionsController#destroy as HTML
  Parameters: {"authenticity_token"=>"F/salHaLZHYRFXyEhxkPoKAzIoLsFCMGyjpssWx+V7dIknFeMCre6+lQQF/cnT5jaOsY14oIGCidYWGfzpUBsw=="}
  [1m[36mUser Load (0.2ms)[0m  [1mSELECT  "users".* FROM "users" WHERE "users"."id" = ?  ORDER BY "users"."id" ASC LIMIT 1[0m  [["id", 6]]
  [1m[35m (0.1ms)[0m  begin transaction
  [1m[36m (0.0ms)[0m  [1mcommit transaction[0m
Redirected to http://localhost:3000/
Completed 302 Found in 8ms (ActiveRecord: 0.3ms)


Started GET "/" for ::1 at 2015-10-14 17:10:01 +0200
Processing by WelcomeController#index as HTML
  Rendered welcome/index.html.haml within layouts/application (2.7ms)
Completed 200 OK in 44ms (Views: 42.6ms | ActiveRecord: 0.0ms)


Started GET "/assets/welcome.self.css?body=1" for ::1 at 2015-10-14 17:10:01 +0200


Started GET "/assets/users.self.css?body=1" for ::1 at 2015-10-14 17:10:01 +0200


Started GET "/assets/jquery_ujs.self.js?body=1" for ::1 at 2015-10-14 17:10:01 +0200


Started GET "/assets/jquery.self.js?body=1" for ::1 at 2015-10-14 17:10:01 +0200


Started GET "/assets/application.self.css?body=1" for ::1 at 2015-10-14 17:10:01 +0200


Started GET "/assets/turbolinks.self.js?body=1" for ::1 at 2015-10-14 17:10:01 +0200


Started GET "/assets/users.self.js?body=1" for ::1 at 2015-10-14 17:10:01 +0200


Started GET "/assets/welcome.self.js?body=1" for ::1 at 2015-10-14 17:10:01 +0200


Started GET "/assets/application.self.js?body=1" for ::1 at 2015-10-14 17:10:01 +0200
